<?xml version="1.0" encoding="UTF-8"?>
<!-- Generated by org.testng.reporters.JUnitReportReporter -->
<testsuite hostname="DESKTOP-6GGBJ20" failures="0" tests="1" name="test.GoogleSearch" time="0.023" errors="0" timestamp="2021-12-25T16:29:08 IST" skipped="0">
  <testcase classname="test.GoogleSearch" name="testmethod" time="0.023"/>
  <system-out/>
</testsuite> <!-- test.GoogleSearch -->
